1769573781.909945 client started (50663): version 3.5a, socket /tmp/tmux-1000/default, protocol 8
1769573781.909969 on Linux 6.18.6-200.fc43.x86_64 #1 SMP PREEMPT_DYNAMIC Sun Jan 18 18:57:00 UTC 2026
1769573781.909978 using libevent 2.1.12-stable poll
1769573781.909982 using ncurses 6.5 20250614
1769573781.909999 flags are 0x18010000
1769573781.910011 socket is /tmp/tmux-1000/default
1769573781.910028 trying connect
1769573781.910043 connect failed: Connection refused
1769573781.910050 lock file is /tmp/tmux-1000/default.lock
1769573781.910073 flock succeeded
1769573781.910078 got lock (6)
1769573781.910087 trying connect
1769573781.910096 connect failed: Connection refused
1769573781.910269 add peer 0x564fc423ff30: 7 ((nil))
1769573781.910544 sending message 111 to peer 0x564fc423ff30 (8 bytes)
1769573781.910552 sending message 111 to peer 0x564fc423ff30 (8 bytes)
1769573781.910557 sending message 101 to peer 0x564fc423ff30 (14 bytes)
1769573781.910561 sending message 109 to peer 0x564fc423ff30 (4 bytes)
1769573781.910565 sending message 102 to peer 0x564fc423ff30 (11 bytes)
1769573781.910570 sending message 108 to peer 0x564fc423ff30 (24 bytes)
1769573781.910574 sending message 112 to peer 0x564fc423ff30 (70 bytes)
1769573781.910579 sending message 112 to peer 0x564fc423ff30 (5 bytes)
1769573781.910583 sending message 112 to peer 0x564fc423ff30 (5 bytes)
1769573781.910587 sending message 112 to peer 0x564fc423ff30 (6 bytes)
1769573781.910592 sending message 112 to peer 0x564fc423ff30 (6 bytes)
1769573781.910596 sending message 112 to peer 0x564fc423ff30 (11 bytes)
1769573781.910601 sending message 112 to peer 0x564fc423ff30 (10 bytes)
1769573781.910605 sending message 112 to peer 0x564fc423ff30 (13 bytes)
1769573781.910609 sending message 112 to peer 0x564fc423ff30 (14 bytes)
1769573781.910614 sending message 112 to peer 0x564fc423ff30 (9 bytes)
1769573781.910619 sending message 112 to peer 0x564fc423ff30 (21 bytes)
1769573781.910623 sending message 112 to peer 0x564fc423ff30 (19 bytes)
1769573781.910627 sending message 112 to peer 0x564fc423ff30 (11 bytes)
1769573781.910632 sending message 112 to peer 0x564fc423ff30 (21 bytes)
1769573781.910636 sending message 112 to peer 0x564fc423ff30 (13 bytes)
1769573781.910640 sending message 112 to peer 0x564fc423ff30 (7 bytes)
1769573781.910645 sending message 112 to peer 0x564fc423ff30 (13 bytes)
1769573781.910649 sending message 112 to peer 0x564fc423ff30 (7 bytes)
1769573781.910654 sending message 112 to peer 0x564fc423ff30 (13 bytes)
1769573781.910659 sending message 112 to peer 0x564fc423ff30 (9 bytes)
1769573781.910663 sending message 112 to peer 0x564fc423ff30 (21 bytes)
1769573781.910667 sending message 112 to peer 0x564fc423ff30 (13 bytes)
1769573781.910672 sending message 112 to peer 0x564fc423ff30 (9 bytes)
1769573781.910676 sending message 112 to peer 0x564fc423ff30 (16 bytes)
1769573781.910681 sending message 112 to peer 0x564fc423ff30 (13 bytes)
1769573781.910685 sending message 112 to peer 0x564fc423ff30 (9 bytes)
1769573781.910689 sending message 112 to peer 0x564fc423ff30 (9 bytes)
1769573781.910694 sending message 112 to peer 0x564fc423ff30 (12 bytes)
1769573781.910698 sending message 112 to peer 0x564fc423ff30 (8 bytes)
1769573781.910702 sending message 112 to peer 0x564fc423ff30 (12 bytes)
1769573781.910707 sending message 112 to peer 0x564fc423ff30 (8 bytes)
1769573781.910711 sending message 112 to peer 0x564fc423ff30 (13 bytes)
1769573781.910716 sending message 112 to peer 0x564fc423ff30 (7 bytes)
1769573781.910720 sending message 112 to peer 0x564fc423ff30 (7 bytes)
1769573781.910724 sending message 112 to peer 0x564fc423ff30 (9 bytes)
1769573781.910729 sending message 112 to peer 0x564fc423ff30 (12 bytes)
1769573781.910733 sending message 112 to peer 0x564fc423ff30 (6 bytes)
1769573781.910738 sending message 112 to peer 0x564fc423ff30 (9 bytes)
1769573781.910742 sending message 112 to peer 0x564fc423ff30 (15 bytes)
1769573781.910747 sending message 112 to peer 0x564fc423ff30 (13 bytes)
1769573781.910751 sending message 112 to peer 0x564fc423ff30 (9 bytes)
1769573781.910761 sending message 112 to peer 0x564fc423ff30 (12 bytes)
1769573781.910769 sending message 112 to peer 0x564fc423ff30 (8 bytes)
1769573781.910774 sending message 112 to peer 0x564fc423ff30 (14 bytes)
1769573781.910778 sending message 112 to peer 0x564fc423ff30 (11 bytes)
1769573781.910783 sending message 112 to peer 0x564fc423ff30 (9 bytes)
1769573781.910787 sending message 112 to peer 0x564fc423ff30 (10 bytes)
1769573781.910792 sending message 112 to peer 0x564fc423ff30 (10 bytes)
1769573781.910796 sending message 112 to peer 0x564fc423ff30 (10 bytes)
1769573781.910801 sending message 112 to peer 0x564fc423ff30 (10 bytes)
1769573781.910805 sending message 112 to peer 0x564fc423ff30 (11 bytes)
1769573781.910809 sending message 112 to peer 0x564fc423ff30 (12 bytes)
1769573781.910814 sending message 112 to peer 0x564fc423ff30 (12 bytes)
1769573781.910818 sending message 112 to peer 0x564fc423ff30 (12 bytes)
1769573781.910823 sending message 112 to peer 0x564fc423ff30 (12 bytes)
1769573781.910827 sending message 112 to peer 0x564fc423ff30 (12 bytes)
1769573781.910832 sending message 112 to peer 0x564fc423ff30 (11 bytes)
1769573781.910836 sending message 112 to peer 0x564fc423ff30 (11 bytes)
1769573781.910841 sending message 112 to peer 0x564fc423ff30 (12 bytes)
1769573781.910845 sending message 112 to peer 0x564fc423ff30 (12 bytes)
1769573781.910850 sending message 112 to peer 0x564fc423ff30 (12 bytes)
1769573781.910854 sending message 112 to peer 0x564fc423ff30 (12 bytes)
1769573781.910859 sending message 112 to peer 0x564fc423ff30 (12 bytes)
1769573781.910863 sending message 112 to peer 0x564fc423ff30 (9 bytes)
1769573781.910868 sending message 112 to peer 0x564fc423ff30 (12 bytes)
1769573781.910872 sending message 112 to peer 0x564fc423ff30 (13 bytes)
1769573781.910877 sending message 112 to peer 0x564fc423ff30 (13 bytes)
1769573781.910881 sending message 112 to peer 0x564fc423ff30 (13 bytes)
1769573781.910886 sending message 112 to peer 0x564fc423ff30 (13 bytes)
1769573781.910890 sending message 112 to peer 0x564fc423ff30 (13 bytes)
1769573781.910895 sending message 112 to peer 0x564fc423ff30 (8 bytes)
1769573781.910899 sending message 112 to peer 0x564fc423ff30 (11 bytes)
1769573781.910904 sending message 112 to peer 0x564fc423ff30 (11 bytes)
1769573781.910908 sending message 112 to peer 0x564fc423ff30 (11 bytes)
1769573781.910913 sending message 112 to peer 0x564fc423ff30 (12 bytes)
1769573781.910917 sending message 112 to peer 0x564fc423ff30 (12 bytes)
1769573781.910922 sending message 112 to peer 0x564fc423ff30 (12 bytes)
1769573781.910926 sending message 112 to peer 0x564fc423ff30 (12 bytes)
1769573781.910931 sending message 112 to peer 0x564fc423ff30 (13 bytes)
1769573781.910935 sending message 112 to peer 0x564fc423ff30 (13 bytes)
1769573781.910940 sending message 112 to peer 0x564fc423ff30 (13 bytes)
1769573781.910944 sending message 112 to peer 0x564fc423ff30 (8 bytes)
1769573781.910949 sending message 112 to peer 0x564fc423ff30 (13 bytes)
1769573781.910960 sending message 112 to peer 0x564fc423ff30 (13 bytes)
1769573781.910965 sending message 112 to peer 0x564fc423ff30 (13 bytes)
1769573781.910969 sending message 112 to peer 0x564fc423ff30 (13 bytes)
1769573781.910974 sending message 112 to peer 0x564fc423ff30 (13 bytes)
1769573781.910978 sending message 112 to peer 0x564fc423ff30 (12 bytes)
1769573781.910983 sending message 112 to peer 0x564fc423ff30 (12 bytes)
1769573781.910987 sending message 112 to peer 0x564fc423ff30 (12 bytes)
1769573781.910992 sending message 112 to peer 0x564fc423ff30 (12 bytes)
1769573781.910996 sending message 112 to peer 0x564fc423ff30 (13 bytes)
1769573781.911001 sending message 112 to peer 0x564fc423ff30 (8 bytes)
1769573781.911005 sending message 112 to peer 0x564fc423ff30 (13 bytes)
1769573781.911010 sending message 112 to peer 0x564fc423ff30 (13 bytes)
1769573781.911014 sending message 112 to peer 0x564fc423ff30 (13 bytes)
1769573781.911019 sending message 112 to peer 0x564fc423ff30 (13 bytes)
1769573781.911023 sending message 112 to peer 0x564fc423ff30 (13 bytes)
1769573781.911032 sending message 112 to peer 0x564fc423ff30 (13 bytes)
1769573781.911038 sending message 112 to peer 0x564fc423ff30 (13 bytes)
1769573781.911042 sending message 112 to peer 0x564fc423ff30 (12 bytes)
1769573781.911047 sending message 112 to peer 0x564fc423ff30 (12 bytes)
1769573781.911051 sending message 112 to peer 0x564fc423ff30 (12 bytes)
1769573781.911056 sending message 112 to peer 0x564fc423ff30 (8 bytes)
1769573781.911060 sending message 112 to peer 0x564fc423ff30 (12 bytes)
1769573781.911065 sending message 112 to peer 0x564fc423ff30 (13 bytes)
1769573781.911069 sending message 112 to peer 0x564fc423ff30 (13 bytes)
1769573781.911074 sending message 112 to peer 0x564fc423ff30 (13 bytes)
1769573781.911078 sending message 112 to peer 0x564fc423ff30 (13 bytes)
1769573781.911082 sending message 112 to peer 0x564fc423ff30 (13 bytes)
1769573781.911087 sending message 112 to peer 0x564fc423ff30 (13 bytes)
1769573781.911091 sending message 112 to peer 0x564fc423ff30 (13 bytes)
1769573781.911096 sending message 112 to peer 0x564fc423ff30 (13 bytes)
1769573781.911100 sending message 112 to peer 0x564fc423ff30 (12 bytes)
1769573781.911105 sending message 112 to peer 0x564fc423ff30 (10 bytes)
1769573781.911109 sending message 112 to peer 0x564fc423ff30 (12 bytes)
1769573781.911114 sending message 112 to peer 0x564fc423ff30 (12 bytes)
1769573781.911118 sending message 112 to peer 0x564fc423ff30 (12 bytes)
1769573781.911122 sending message 112 to peer 0x564fc423ff30 (13 bytes)
1769573781.911127 sending message 112 to peer 0x564fc423ff30 (13 bytes)
1769573781.911131 sending message 112 to peer 0x564fc423ff30 (13 bytes)
1769573781.911136 sending message 112 to peer 0x564fc423ff30 (13 bytes)
1769573781.911140 sending message 112 to peer 0x564fc423ff30 (13 bytes)
1769573781.911145 sending message 112 to peer 0x564fc423ff30 (13 bytes)
1769573781.911149 sending message 112 to peer 0x564fc423ff30 (13 bytes)
1769573781.911154 sending message 112 to peer 0x564fc423ff30 (10 bytes)
1769573781.911158 sending message 112 to peer 0x564fc423ff30 (13 bytes)
1769573781.911162 sending message 112 to peer 0x564fc423ff30 (12 bytes)
1769573781.911167 sending message 112 to peer 0x564fc423ff30 (12 bytes)
1769573781.911171 sending message 112 to peer 0x564fc423ff30 (12 bytes)
1769573781.911176 sending message 112 to peer 0x564fc423ff30 (10 bytes)
1769573781.911180 sending message 112 to peer 0x564fc423ff30 (10 bytes)
1769573781.911185 sending message 112 to peer 0x564fc423ff30 (10 bytes)
1769573781.911189 sending message 112 to peer 0x564fc423ff30 (12 bytes)
1769573781.911193 sending message 112 to peer 0x564fc423ff30 (13 bytes)
1769573781.911198 sending message 112 to peer 0x564fc423ff30 (13 bytes)
1769573781.911202 sending message 112 to peer 0x564fc423ff30 (13 bytes)
1769573781.911207 sending message 112 to peer 0x564fc423ff30 (13 bytes)
1769573781.911211 sending message 112 to peer 0x564fc423ff30 (13 bytes)
1769573781.911216 sending message 112 to peer 0x564fc423ff30 (10 bytes)
1769573781.911220 sending message 112 to peer 0x564fc423ff30 (11 bytes)
1769573781.911225 sending message 112 to peer 0x564fc423ff30 (12 bytes)
1769573781.911229 sending message 112 to peer 0x564fc423ff30 (12 bytes)
1769573781.911233 sending message 112 to peer 0x564fc423ff30 (12 bytes)
1769573781.911238 sending message 112 to peer 0x564fc423ff30 (12 bytes)
1769573781.911242 sending message 112 to peer 0x564fc423ff30 (12 bytes)
1769573781.911247 sending message 112 to peer 0x564fc423ff30 (11 bytes)
1769573781.911251 sending message 112 to peer 0x564fc423ff30 (12 bytes)
1769573781.911256 sending message 112 to peer 0x564fc423ff30 (12 bytes)
1769573781.911260 sending message 112 to peer 0x564fc423ff30 (13 bytes)
1769573781.911265 sending message 112 to peer 0x564fc423ff30 (13 bytes)
1769573781.911269 sending message 112 to peer 0x564fc423ff30 (13 bytes)
1769573781.911274 sending message 112 to peer 0x564fc423ff30 (13 bytes)
1769573781.911278 sending message 112 to peer 0x564fc423ff30 (13 bytes)
1769573781.911282 sending message 112 to peer 0x564fc423ff30 (10 bytes)
1769573781.911290 sending message 112 to peer 0x564fc423ff30 (9 bytes)
1769573781.911297 sending message 112 to peer 0x564fc423ff30 (12 bytes)
1769573781.911301 sending message 112 to peer 0x564fc423ff30 (13 bytes)
1769573781.911305 sending message 112 to peer 0x564fc423ff30 (13 bytes)
1769573781.911310 sending message 112 to peer 0x564fc423ff30 (13 bytes)
1769573781.911314 sending message 112 to peer 0x564fc423ff30 (13 bytes)
1769573781.911319 sending message 112 to peer 0x564fc423ff30 (13 bytes)
1769573781.911323 sending message 112 to peer 0x564fc423ff30 (9 bytes)
1769573781.911328 sending message 112 to peer 0x564fc423ff30 (12 bytes)
1769573781.911332 sending message 112 to peer 0x564fc423ff30 (13 bytes)
1769573781.911337 sending message 112 to peer 0x564fc423ff30 (13 bytes)
1769573781.911341 sending message 112 to peer 0x564fc423ff30 (13 bytes)
1769573781.911346 sending message 112 to peer 0x564fc423ff30 (13 bytes)
1769573781.911350 sending message 112 to peer 0x564fc423ff30 (13 bytes)
1769573781.911354 sending message 112 to peer 0x564fc423ff30 (11 bytes)
1769573781.911359 sending message 112 to peer 0x564fc423ff30 (12 bytes)
1769573781.911363 sending message 112 to peer 0x564fc423ff30 (13 bytes)
1769573781.911368 sending message 112 to peer 0x564fc423ff30 (13 bytes)
1769573781.911372 sending message 112 to peer 0x564fc423ff30 (13 bytes)
1769573781.911377 sending message 112 to peer 0x564fc423ff30 (13 bytes)
1769573781.911381 sending message 112 to peer 0x564fc423ff30 (13 bytes)
1769573781.911386 sending message 112 to peer 0x564fc423ff30 (11 bytes)
1769573781.911390 sending message 112 to peer 0x564fc423ff30 (12 bytes)
1769573781.911394 sending message 112 to peer 0x564fc423ff30 (12 bytes)
1769573781.911399 sending message 112 to peer 0x564fc423ff30 (12 bytes)
1769573781.911403 sending message 112 to peer 0x564fc423ff30 (12 bytes)
1769573781.911408 sending message 112 to peer 0x564fc423ff30 (12 bytes)
1769573781.911412 sending message 112 to peer 0x564fc423ff30 (21 bytes)
1769573781.911417 sending message 112 to peer 0x564fc423ff30 (12 bytes)
1769573781.911421 sending message 112 to peer 0x564fc423ff30 (9 bytes)
1769573781.911426 sending message 112 to peer 0x564fc423ff30 (6 bytes)
1769573781.911430 sending message 112 to peer 0x564fc423ff30 (13 bytes)
1769573781.911435 sending message 112 to peer 0x564fc423ff30 (10 bytes)
1769573781.911439 sending message 112 to peer 0x564fc423ff30 (15 bytes)
1769573781.911444 sending message 112 to peer 0x564fc423ff30 (13 bytes)
1769573781.911448 sending message 112 to peer 0x564fc423ff30 (9 bytes)
1769573781.911453 sending message 112 to peer 0x564fc423ff30 (70 bytes)
1769573781.911457 sending message 112 to peer 0x564fc423ff30 (69 bytes)
1769573781.911462 sending message 112 to peer 0x564fc423ff30 (34 bytes)
1769573781.911466 sending message 112 to peer 0x564fc423ff30 (34 bytes)
1769573781.911471 sending message 112 to peer 0x564fc423ff30 (70 bytes)
1769573781.911476 sending message 112 to peer 0x564fc423ff30 (12 bytes)
1769573781.911480 sending message 112 to peer 0x564fc423ff30 (10 bytes)
1769573781.911485 sending message 112 to peer 0x564fc423ff30 (10 bytes)
1769573781.911489 sending message 112 to peer 0x564fc423ff30 (15 bytes)
1769573781.911494 sending message 112 to peer 0x564fc423ff30 (13 bytes)
1769573781.911498 sending message 112 to peer 0x564fc423ff30 (10 bytes)
1769573781.911503 sending message 112 to peer 0x564fc423ff30 (10 bytes)
1769573781.911507 sending message 112 to peer 0x564fc423ff30 (17 bytes)
1769573781.911512 sending message 112 to peer 0x564fc423ff30 (10 bytes)
1769573781.911516 sending message 112 to peer 0x564fc423ff30 (13 bytes)
1769573781.911521 sending message 112 to peer 0x564fc423ff30 (32 bytes)
1769573781.911525 sending message 112 to peer 0x564fc423ff30 (5 bytes)
1769573781.911530 sending message 112 to peer 0x564fc423ff30 (9 bytes)
1769573781.911534 sending message 112 to peer 0x564fc423ff30 (15 bytes)
1769573781.911539 sending message 112 to peer 0x564fc423ff30 (5 bytes)
1769573781.911544 sending message 104 to peer 0x564fc423ff30 (0 bytes)
1769573781.911552 sending message 110 to peer 0x564fc423ff30 (0 bytes)
1769573781.911559 sending message 107 to peer 0x564fc423ff30 (4 bytes)
1769573781.911564 sending message 105 to peer 0x564fc423ff30 (23 bytes)
1769573781.911569 sending message 105 to peer 0x564fc423ff30 (54 bytes)
1769573781.911573 sending message 105 to peer 0x564fc423ff30 (17 bytes)
1769573781.911578 sending message 105 to peer 0x564fc423ff30 (8 bytes)
1769573781.911582 sending message 105 to peer 0x564fc423ff30 (13 bytes)
1769573781.911587 sending message 105 to peer 0x564fc423ff30 (41 bytes)
1769573781.911591 sending message 105 to peer 0x564fc423ff30 (142 bytes)
1769573781.911596 sending message 105 to peer 0x564fc423ff30 (20 bytes)
1769573781.911601 sending message 105 to peer 0x564fc423ff30 (21 bytes)
1769573781.911605 sending message 105 to peer 0x564fc423ff30 (19 bytes)
1769573781.911610 sending message 105 to peer 0x564fc423ff30 (37 bytes)
1769573781.911614 sending message 105 to peer 0x564fc423ff30 (10 bytes)
1769573781.911619 sending message 105 to peer 0x564fc423ff30 (39 bytes)
1769573781.911624 sending message 105 to peer 0x564fc423ff30 (72 bytes)
1769573781.911628 sending message 105 to peer 0x564fc423ff30 (34 bytes)
1769573781.911633 sending message 105 to peer 0x564fc423ff30 (16 bytes)
1769573781.911637 sending message 105 to peer 0x564fc423ff30 (26 bytes)
1769573781.911642 sending message 105 to peer 0x564fc423ff30 (29 bytes)
1769573781.911646 sending message 105 to peer 0x564fc423ff30 (18 bytes)
1769573781.911651 sending message 105 to peer 0x564fc423ff30 (20 bytes)
1769573781.911656 sending message 105 to peer 0x564fc423ff30 (121 bytes)
1769573781.911660 sending message 105 to peer 0x564fc423ff30 (38 bytes)
1769573781.911665 sending message 105 to peer 0x564fc423ff30 (73 bytes)
1769573781.911669 sending message 105 to peer 0x564fc423ff30 (21 bytes)
1769573781.911674 sending message 105 to peer 0x564fc423ff30 (14 bytes)
1769573781.911678 sending message 105 to peer 0x564fc423ff30 (11 bytes)
1769573781.911683 sending message 105 to peer 0x564fc423ff30 (20 bytes)
1769573781.911687 sending message 105 to peer 0x564fc423ff30 (41 bytes)
1769573781.911692 sending message 105 to peer 0x564fc423ff30 (20 bytes)
1769573781.911696 sending message 105 to peer 0x564fc423ff30 (22 bytes)
1769573781.911701 sending message 105 to peer 0x564fc423ff30 (23 bytes)
1769573781.911705 sending message 105 to peer 0x564fc423ff30 (27 bytes)
1769573781.911710 sending message 105 to peer 0x564fc423ff30 (26 bytes)
1769573781.911715 sending message 105 to peer 0x564fc423ff30 (28 bytes)
1769573781.911719 sending message 105 to peer 0x564fc423ff30 (25 bytes)
1769573781.911724 sending message 105 to peer 0x564fc423ff30 (21 bytes)
1769573781.911728 sending message 105 to peer 0x564fc423ff30 (51 bytes)
1769573781.911733 sending message 105 to peer 0x564fc423ff30 (58 bytes)
1769573781.911737 sending message 105 to peer 0x564fc423ff30 (23 bytes)
1769573781.911742 sending message 105 to peer 0x564fc423ff30 (17 bytes)
1769573781.911746 sending message 105 to peer 0x564fc423ff30 (31 bytes)
1769573781.911751 sending message 105 to peer 0x564fc423ff30 (25 bytes)
1769573781.911755 sending message 105 to peer 0x564fc423ff30 (23 bytes)
1769573781.911760 sending message 105 to peer 0x564fc423ff30 (79 bytes)
1769573781.911764 sending message 105 to peer 0x564fc423ff30 (20 bytes)
1769573781.911769 sending message 105 to peer 0x564fc423ff30 (54 bytes)
1769573781.911774 sending message 105 to peer 0x564fc423ff30 (26 bytes)
1769573781.911778 sending message 105 to peer 0x564fc423ff30 (16 bytes)
1769573781.911783 sending message 106 to peer 0x564fc423ff30 (0 bytes)
1769573781.911820 sending message 200 to peer 0x564fc423ff30 (4 bytes)
1769573781.911825 client loop enter
1769573781.911838 client_signal: Child exited
1769573782.150056 peer 0x564fc423ff30 message 207
1769573782.150067 sending message 208 to peer 0x564fc423ff30 (0 bytes)
1769573785.702171 peer 0x564fc423ff30 message 203
1769573785.702183 sending message 205 to peer 0x564fc423ff30 (0 bytes)
1769573785.702353 peer 0x564fc423ff30 message 204
1769573785.702369 client loop exit
