1769573758.246808 client started (49919): version 3.5a, socket /tmp/tmux-1000/default, protocol 8
1769573758.246824 on Linux 6.18.6-200.fc43.x86_64 #1 SMP PREEMPT_DYNAMIC Sun Jan 18 18:57:00 UTC 2026
1769573758.246832 using libevent 2.1.12-stable poll
1769573758.246837 using ncurses 6.5 20250614
1769573758.246850 flags are 0x10010000
1769573758.246860 socket is /tmp/tmux-1000/default
1769573758.246876 trying connect
1769573758.247021 add peer 0x55d9ef3c4f50: 6 ((nil))
1769573758.247227 sending message 111 to peer 0x55d9ef3c4f50 (8 bytes)
1769573758.247235 sending message 111 to peer 0x55d9ef3c4f50 (8 bytes)
1769573758.247239 sending message 101 to peer 0x55d9ef3c4f50 (14 bytes)
1769573758.247243 sending message 109 to peer 0x55d9ef3c4f50 (4 bytes)
1769573758.247248 sending message 102 to peer 0x55d9ef3c4f50 (11 bytes)
1769573758.247252 sending message 108 to peer 0x55d9ef3c4f50 (24 bytes)
1769573758.247256 sending message 112 to peer 0x55d9ef3c4f50 (70 bytes)
1769573758.247260 sending message 112 to peer 0x55d9ef3c4f50 (5 bytes)
1769573758.247264 sending message 112 to peer 0x55d9ef3c4f50 (5 bytes)
1769573758.247268 sending message 112 to peer 0x55d9ef3c4f50 (6 bytes)
1769573758.247273 sending message 112 to peer 0x55d9ef3c4f50 (6 bytes)
1769573758.247277 sending message 112 to peer 0x55d9ef3c4f50 (11 bytes)
1769573758.247281 sending message 112 to peer 0x55d9ef3c4f50 (10 bytes)
1769573758.247285 sending message 112 to peer 0x55d9ef3c4f50 (13 bytes)
1769573758.247289 sending message 112 to peer 0x55d9ef3c4f50 (14 bytes)
1769573758.247293 sending message 112 to peer 0x55d9ef3c4f50 (9 bytes)
1769573758.247298 sending message 112 to peer 0x55d9ef3c4f50 (21 bytes)
1769573758.247302 sending message 112 to peer 0x55d9ef3c4f50 (19 bytes)
1769573758.247306 sending message 112 to peer 0x55d9ef3c4f50 (11 bytes)
1769573758.247310 sending message 112 to peer 0x55d9ef3c4f50 (21 bytes)
1769573758.247314 sending message 112 to peer 0x55d9ef3c4f50 (13 bytes)
1769573758.247319 sending message 112 to peer 0x55d9ef3c4f50 (7 bytes)
1769573758.247323 sending message 112 to peer 0x55d9ef3c4f50 (13 bytes)
1769573758.247327 sending message 112 to peer 0x55d9ef3c4f50 (7 bytes)
1769573758.247331 sending message 112 to peer 0x55d9ef3c4f50 (13 bytes)
1769573758.247335 sending message 112 to peer 0x55d9ef3c4f50 (9 bytes)
1769573758.247339 sending message 112 to peer 0x55d9ef3c4f50 (21 bytes)
1769573758.247344 sending message 112 to peer 0x55d9ef3c4f50 (13 bytes)
1769573758.247348 sending message 112 to peer 0x55d9ef3c4f50 (9 bytes)
1769573758.247352 sending message 112 to peer 0x55d9ef3c4f50 (16 bytes)
1769573758.247356 sending message 112 to peer 0x55d9ef3c4f50 (13 bytes)
1769573758.247360 sending message 112 to peer 0x55d9ef3c4f50 (9 bytes)
1769573758.247364 sending message 112 to peer 0x55d9ef3c4f50 (9 bytes)
1769573758.247368 sending message 112 to peer 0x55d9ef3c4f50 (12 bytes)
1769573758.247373 sending message 112 to peer 0x55d9ef3c4f50 (8 bytes)
1769573758.247377 sending message 112 to peer 0x55d9ef3c4f50 (12 bytes)
1769573758.247381 sending message 112 to peer 0x55d9ef3c4f50 (8 bytes)
1769573758.247385 sending message 112 to peer 0x55d9ef3c4f50 (13 bytes)
1769573758.247389 sending message 112 to peer 0x55d9ef3c4f50 (7 bytes)
1769573758.247394 sending message 112 to peer 0x55d9ef3c4f50 (7 bytes)
1769573758.247398 sending message 112 to peer 0x55d9ef3c4f50 (9 bytes)
1769573758.247402 sending message 112 to peer 0x55d9ef3c4f50 (12 bytes)
1769573758.247406 sending message 112 to peer 0x55d9ef3c4f50 (6 bytes)
1769573758.247410 sending message 112 to peer 0x55d9ef3c4f50 (9 bytes)
1769573758.247415 sending message 112 to peer 0x55d9ef3c4f50 (15 bytes)
1769573758.247419 sending message 112 to peer 0x55d9ef3c4f50 (13 bytes)
1769573758.247423 sending message 112 to peer 0x55d9ef3c4f50 (9 bytes)
1769573758.247427 sending message 112 to peer 0x55d9ef3c4f50 (12 bytes)
1769573758.247431 sending message 112 to peer 0x55d9ef3c4f50 (8 bytes)
1769573758.247436 sending message 112 to peer 0x55d9ef3c4f50 (14 bytes)
1769573758.247440 sending message 112 to peer 0x55d9ef3c4f50 (11 bytes)
1769573758.247452 sending message 112 to peer 0x55d9ef3c4f50 (9 bytes)
1769573758.247460 sending message 112 to peer 0x55d9ef3c4f50 (10 bytes)
1769573758.247465 sending message 112 to peer 0x55d9ef3c4f50 (10 bytes)
1769573758.247469 sending message 112 to peer 0x55d9ef3c4f50 (10 bytes)
1769573758.247473 sending message 112 to peer 0x55d9ef3c4f50 (10 bytes)
1769573758.247478 sending message 112 to peer 0x55d9ef3c4f50 (11 bytes)
1769573758.247482 sending message 112 to peer 0x55d9ef3c4f50 (12 bytes)
1769573758.247486 sending message 112 to peer 0x55d9ef3c4f50 (12 bytes)
1769573758.247490 sending message 112 to peer 0x55d9ef3c4f50 (12 bytes)
1769573758.247495 sending message 112 to peer 0x55d9ef3c4f50 (12 bytes)
1769573758.247499 sending message 112 to peer 0x55d9ef3c4f50 (12 bytes)
1769573758.247504 sending message 112 to peer 0x55d9ef3c4f50 (11 bytes)
1769573758.247508 sending message 112 to peer 0x55d9ef3c4f50 (11 bytes)
1769573758.247512 sending message 112 to peer 0x55d9ef3c4f50 (12 bytes)
1769573758.247517 sending message 112 to peer 0x55d9ef3c4f50 (12 bytes)
1769573758.247521 sending message 112 to peer 0x55d9ef3c4f50 (12 bytes)
1769573758.247525 sending message 112 to peer 0x55d9ef3c4f50 (12 bytes)
1769573758.247529 sending message 112 to peer 0x55d9ef3c4f50 (12 bytes)
1769573758.247534 sending message 112 to peer 0x55d9ef3c4f50 (9 bytes)
1769573758.247538 sending message 112 to peer 0x55d9ef3c4f50 (12 bytes)
1769573758.247543 sending message 112 to peer 0x55d9ef3c4f50 (13 bytes)
1769573758.247547 sending message 112 to peer 0x55d9ef3c4f50 (13 bytes)
1769573758.247551 sending message 112 to peer 0x55d9ef3c4f50 (13 bytes)
1769573758.247556 sending message 112 to peer 0x55d9ef3c4f50 (13 bytes)
1769573758.247560 sending message 112 to peer 0x55d9ef3c4f50 (13 bytes)
1769573758.247564 sending message 112 to peer 0x55d9ef3c4f50 (8 bytes)
1769573758.247569 sending message 112 to peer 0x55d9ef3c4f50 (11 bytes)
1769573758.247573 sending message 112 to peer 0x55d9ef3c4f50 (11 bytes)
1769573758.247578 sending message 112 to peer 0x55d9ef3c4f50 (11 bytes)
1769573758.247582 sending message 112 to peer 0x55d9ef3c4f50 (12 bytes)
1769573758.247586 sending message 112 to peer 0x55d9ef3c4f50 (12 bytes)
1769573758.247591 sending message 112 to peer 0x55d9ef3c4f50 (12 bytes)
1769573758.247595 sending message 112 to peer 0x55d9ef3c4f50 (12 bytes)
1769573758.247599 sending message 112 to peer 0x55d9ef3c4f50 (13 bytes)
1769573758.247603 sending message 112 to peer 0x55d9ef3c4f50 (13 bytes)
1769573758.247608 sending message 112 to peer 0x55d9ef3c4f50 (13 bytes)
1769573758.247612 sending message 112 to peer 0x55d9ef3c4f50 (8 bytes)
1769573758.247616 sending message 112 to peer 0x55d9ef3c4f50 (13 bytes)
1769573758.247621 sending message 112 to peer 0x55d9ef3c4f50 (13 bytes)
1769573758.247625 sending message 112 to peer 0x55d9ef3c4f50 (13 bytes)
1769573758.247629 sending message 112 to peer 0x55d9ef3c4f50 (13 bytes)
1769573758.247634 sending message 112 to peer 0x55d9ef3c4f50 (13 bytes)
1769573758.247638 sending message 112 to peer 0x55d9ef3c4f50 (12 bytes)
1769573758.247642 sending message 112 to peer 0x55d9ef3c4f50 (12 bytes)
1769573758.247647 sending message 112 to peer 0x55d9ef3c4f50 (12 bytes)
1769573758.247651 sending message 112 to peer 0x55d9ef3c4f50 (12 bytes)
1769573758.247655 sending message 112 to peer 0x55d9ef3c4f50 (13 bytes)
1769573758.247660 sending message 112 to peer 0x55d9ef3c4f50 (8 bytes)
1769573758.247664 sending message 112 to peer 0x55d9ef3c4f50 (13 bytes)
1769573758.247669 sending message 112 to peer 0x55d9ef3c4f50 (13 bytes)
1769573758.247673 sending message 112 to peer 0x55d9ef3c4f50 (13 bytes)
1769573758.247677 sending message 112 to peer 0x55d9ef3c4f50 (13 bytes)
1769573758.247682 sending message 112 to peer 0x55d9ef3c4f50 (13 bytes)
1769573758.247686 sending message 112 to peer 0x55d9ef3c4f50 (13 bytes)
1769573758.247690 sending message 112 to peer 0x55d9ef3c4f50 (13 bytes)
1769573758.247694 sending message 112 to peer 0x55d9ef3c4f50 (12 bytes)
1769573758.247699 sending message 112 to peer 0x55d9ef3c4f50 (12 bytes)
1769573758.247707 sending message 112 to peer 0x55d9ef3c4f50 (12 bytes)
1769573758.247713 sending message 112 to peer 0x55d9ef3c4f50 (8 bytes)
1769573758.247717 sending message 112 to peer 0x55d9ef3c4f50 (12 bytes)
1769573758.247722 sending message 112 to peer 0x55d9ef3c4f50 (13 bytes)
1769573758.247726 sending message 112 to peer 0x55d9ef3c4f50 (13 bytes)
1769573758.247730 sending message 112 to peer 0x55d9ef3c4f50 (13 bytes)
1769573758.247734 sending message 112 to peer 0x55d9ef3c4f50 (13 bytes)
1769573758.247739 sending message 112 to peer 0x55d9ef3c4f50 (13 bytes)
1769573758.247743 sending message 112 to peer 0x55d9ef3c4f50 (13 bytes)
1769573758.247747 sending message 112 to peer 0x55d9ef3c4f50 (13 bytes)
1769573758.247752 sending message 112 to peer 0x55d9ef3c4f50 (13 bytes)
1769573758.247756 sending message 112 to peer 0x55d9ef3c4f50 (12 bytes)
1769573758.247760 sending message 112 to peer 0x55d9ef3c4f50 (10 bytes)
1769573758.247765 sending message 112 to peer 0x55d9ef3c4f50 (12 bytes)
1769573758.247769 sending message 112 to peer 0x55d9ef3c4f50 (12 bytes)
1769573758.247773 sending message 112 to peer 0x55d9ef3c4f50 (12 bytes)
1769573758.247778 sending message 112 to peer 0x55d9ef3c4f50 (13 bytes)
1769573758.247782 sending message 112 to peer 0x55d9ef3c4f50 (13 bytes)
1769573758.247787 sending message 112 to peer 0x55d9ef3c4f50 (13 bytes)
1769573758.247791 sending message 112 to peer 0x55d9ef3c4f50 (13 bytes)
1769573758.247795 sending message 112 to peer 0x55d9ef3c4f50 (13 bytes)
1769573758.247800 sending message 112 to peer 0x55d9ef3c4f50 (13 bytes)
1769573758.247804 sending message 112 to peer 0x55d9ef3c4f50 (13 bytes)
1769573758.247808 sending message 112 to peer 0x55d9ef3c4f50 (10 bytes)
1769573758.247813 sending message 112 to peer 0x55d9ef3c4f50 (13 bytes)
1769573758.247817 sending message 112 to peer 0x55d9ef3c4f50 (12 bytes)
1769573758.247821 sending message 112 to peer 0x55d9ef3c4f50 (12 bytes)
1769573758.247826 sending message 112 to peer 0x55d9ef3c4f50 (12 bytes)
1769573758.247830 sending message 112 to peer 0x55d9ef3c4f50 (10 bytes)
1769573758.247834 sending message 112 to peer 0x55d9ef3c4f50 (10 bytes)
1769573758.247838 sending message 112 to peer 0x55d9ef3c4f50 (10 bytes)
1769573758.247843 sending message 112 to peer 0x55d9ef3c4f50 (12 bytes)
1769573758.247847 sending message 112 to peer 0x55d9ef3c4f50 (13 bytes)
1769573758.247851 sending message 112 to peer 0x55d9ef3c4f50 (13 bytes)
1769573758.247856 sending message 112 to peer 0x55d9ef3c4f50 (13 bytes)
1769573758.247860 sending message 112 to peer 0x55d9ef3c4f50 (13 bytes)
1769573758.247864 sending message 112 to peer 0x55d9ef3c4f50 (13 bytes)
1769573758.247868 sending message 112 to peer 0x55d9ef3c4f50 (10 bytes)
1769573758.247873 sending message 112 to peer 0x55d9ef3c4f50 (11 bytes)
1769573758.247877 sending message 112 to peer 0x55d9ef3c4f50 (12 bytes)
1769573758.247881 sending message 112 to peer 0x55d9ef3c4f50 (12 bytes)
1769573758.247886 sending message 112 to peer 0x55d9ef3c4f50 (12 bytes)
1769573758.247890 sending message 112 to peer 0x55d9ef3c4f50 (12 bytes)
1769573758.247894 sending message 112 to peer 0x55d9ef3c4f50 (12 bytes)
1769573758.247898 sending message 112 to peer 0x55d9ef3c4f50 (11 bytes)
1769573758.247903 sending message 112 to peer 0x55d9ef3c4f50 (12 bytes)
1769573758.247907 sending message 112 to peer 0x55d9ef3c4f50 (12 bytes)
1769573758.247911 sending message 112 to peer 0x55d9ef3c4f50 (13 bytes)
1769573758.247916 sending message 112 to peer 0x55d9ef3c4f50 (13 bytes)
1769573758.247920 sending message 112 to peer 0x55d9ef3c4f50 (13 bytes)
1769573758.247924 sending message 112 to peer 0x55d9ef3c4f50 (13 bytes)
1769573758.247928 sending message 112 to peer 0x55d9ef3c4f50 (13 bytes)
1769573758.247933 sending message 112 to peer 0x55d9ef3c4f50 (10 bytes)
1769573758.247937 sending message 112 to peer 0x55d9ef3c4f50 (9 bytes)
1769573758.247941 sending message 112 to peer 0x55d9ef3c4f50 (12 bytes)
1769573758.247946 sending message 112 to peer 0x55d9ef3c4f50 (13 bytes)
1769573758.247950 sending message 112 to peer 0x55d9ef3c4f50 (13 bytes)
1769573758.247963 sending message 112 to peer 0x55d9ef3c4f50 (13 bytes)
1769573758.247969 sending message 112 to peer 0x55d9ef3c4f50 (13 bytes)
1769573758.247974 sending message 112 to peer 0x55d9ef3c4f50 (13 bytes)
1769573758.247978 sending message 112 to peer 0x55d9ef3c4f50 (9 bytes)
1769573758.247982 sending message 112 to peer 0x55d9ef3c4f50 (12 bytes)
1769573758.247987 sending message 112 to peer 0x55d9ef3c4f50 (13 bytes)
1769573758.247991 sending message 112 to peer 0x55d9ef3c4f50 (13 bytes)
1769573758.247995 sending message 112 to peer 0x55d9ef3c4f50 (13 bytes)
1769573758.248000 sending message 112 to peer 0x55d9ef3c4f50 (13 bytes)
1769573758.248004 sending message 112 to peer 0x55d9ef3c4f50 (13 bytes)
1769573758.248008 sending message 112 to peer 0x55d9ef3c4f50 (11 bytes)
1769573758.248013 sending message 112 to peer 0x55d9ef3c4f50 (12 bytes)
1769573758.248017 sending message 112 to peer 0x55d9ef3c4f50 (13 bytes)
1769573758.248021 sending message 112 to peer 0x55d9ef3c4f50 (13 bytes)
1769573758.248025 sending message 112 to peer 0x55d9ef3c4f50 (13 bytes)
1769573758.248030 sending message 112 to peer 0x55d9ef3c4f50 (13 bytes)
1769573758.248034 sending message 112 to peer 0x55d9ef3c4f50 (13 bytes)
1769573758.248038 sending message 112 to peer 0x55d9ef3c4f50 (11 bytes)
1769573758.248043 sending message 112 to peer 0x55d9ef3c4f50 (12 bytes)
1769573758.248047 sending message 112 to peer 0x55d9ef3c4f50 (12 bytes)
1769573758.248051 sending message 112 to peer 0x55d9ef3c4f50 (12 bytes)
1769573758.248056 sending message 112 to peer 0x55d9ef3c4f50 (12 bytes)
1769573758.248060 sending message 112 to peer 0x55d9ef3c4f50 (12 bytes)
1769573758.248064 sending message 112 to peer 0x55d9ef3c4f50 (21 bytes)
1769573758.248069 sending message 112 to peer 0x55d9ef3c4f50 (12 bytes)
1769573758.248073 sending message 112 to peer 0x55d9ef3c4f50 (9 bytes)
1769573758.248077 sending message 112 to peer 0x55d9ef3c4f50 (6 bytes)
1769573758.248082 sending message 112 to peer 0x55d9ef3c4f50 (13 bytes)
1769573758.248086 sending message 112 to peer 0x55d9ef3c4f50 (10 bytes)
1769573758.248090 sending message 112 to peer 0x55d9ef3c4f50 (15 bytes)
1769573758.248095 sending message 112 to peer 0x55d9ef3c4f50 (13 bytes)
1769573758.248099 sending message 112 to peer 0x55d9ef3c4f50 (9 bytes)
1769573758.248103 sending message 112 to peer 0x55d9ef3c4f50 (70 bytes)
1769573758.248108 sending message 112 to peer 0x55d9ef3c4f50 (69 bytes)
1769573758.248112 sending message 112 to peer 0x55d9ef3c4f50 (34 bytes)
1769573758.248117 sending message 112 to peer 0x55d9ef3c4f50 (34 bytes)
1769573758.248121 sending message 112 to peer 0x55d9ef3c4f50 (70 bytes)
1769573758.248126 sending message 112 to peer 0x55d9ef3c4f50 (12 bytes)
1769573758.248130 sending message 112 to peer 0x55d9ef3c4f50 (10 bytes)
1769573758.248134 sending message 112 to peer 0x55d9ef3c4f50 (10 bytes)
1769573758.248139 sending message 112 to peer 0x55d9ef3c4f50 (15 bytes)
1769573758.248143 sending message 112 to peer 0x55d9ef3c4f50 (13 bytes)
1769573758.248147 sending message 112 to peer 0x55d9ef3c4f50 (10 bytes)
1769573758.248152 sending message 112 to peer 0x55d9ef3c4f50 (10 bytes)
1769573758.248156 sending message 112 to peer 0x55d9ef3c4f50 (17 bytes)
1769573758.248160 sending message 112 to peer 0x55d9ef3c4f50 (10 bytes)
1769573758.248164 sending message 112 to peer 0x55d9ef3c4f50 (13 bytes)
1769573758.248169 sending message 112 to peer 0x55d9ef3c4f50 (32 bytes)
1769573758.248173 sending message 112 to peer 0x55d9ef3c4f50 (5 bytes)
1769573758.248177 sending message 112 to peer 0x55d9ef3c4f50 (9 bytes)
1769573758.248182 sending message 112 to peer 0x55d9ef3c4f50 (15 bytes)
1769573758.248186 sending message 112 to peer 0x55d9ef3c4f50 (5 bytes)
1769573758.248191 sending message 104 to peer 0x55d9ef3c4f50 (0 bytes)
1769573758.248196 sending message 110 to peer 0x55d9ef3c4f50 (0 bytes)
1769573758.248201 sending message 107 to peer 0x55d9ef3c4f50 (4 bytes)
1769573758.248205 sending message 105 to peer 0x55d9ef3c4f50 (25 bytes)
1769573758.248210 sending message 105 to peer 0x55d9ef3c4f50 (58 bytes)
1769573758.248218 sending message 105 to peer 0x55d9ef3c4f50 (41 bytes)
1769573758.248223 sending message 105 to peer 0x55d9ef3c4f50 (72 bytes)
1769573758.248228 sending message 105 to peer 0x55d9ef3c4f50 (26 bytes)
1769573758.248232 sending message 105 to peer 0x55d9ef3c4f50 (31 bytes)
1769573758.248236 sending message 105 to peer 0x55d9ef3c4f50 (18 bytes)
1769573758.248241 sending message 105 to peer 0x55d9ef3c4f50 (21 bytes)
1769573758.248245 sending message 105 to peer 0x55d9ef3c4f50 (26 bytes)
1769573758.248249 sending message 105 to peer 0x55d9ef3c4f50 (26 bytes)
1769573758.248254 sending message 105 to peer 0x55d9ef3c4f50 (38 bytes)
1769573758.248258 sending message 105 to peer 0x55d9ef3c4f50 (13 bytes)
1769573758.248263 sending message 105 to peer 0x55d9ef3c4f50 (13 bytes)
1769573758.248267 sending message 105 to peer 0x55d9ef3c4f50 (17 bytes)
1769573758.248272 sending message 105 to peer 0x55d9ef3c4f50 (27 bytes)
1769573758.248276 sending message 105 to peer 0x55d9ef3c4f50 (20 bytes)
1769573758.248280 sending message 105 to peer 0x55d9ef3c4f50 (73 bytes)
1769573758.248285 sending message 105 to peer 0x55d9ef3c4f50 (20 bytes)
1769573758.248289 sending message 105 to peer 0x55d9ef3c4f50 (16 bytes)
1769573758.248293 sending message 105 to peer 0x55d9ef3c4f50 (19 bytes)
1769573758.248298 sending message 105 to peer 0x55d9ef3c4f50 (21 bytes)
1769573758.248302 sending message 105 to peer 0x55d9ef3c4f50 (54 bytes)
1769573758.248307 sending message 105 to peer 0x55d9ef3c4f50 (54 bytes)
1769573758.248311 sending message 105 to peer 0x55d9ef3c4f50 (29 bytes)
1769573758.248315 sending message 105 to peer 0x55d9ef3c4f50 (18 bytes)
1769573758.248320 sending message 105 to peer 0x55d9ef3c4f50 (10 bytes)
1769573758.248324 sending message 105 to peer 0x55d9ef3c4f50 (23 bytes)
1769573758.248328 sending message 105 to peer 0x55d9ef3c4f50 (20 bytes)
1769573758.248332 sending message 105 to peer 0x55d9ef3c4f50 (37 bytes)
1769573758.248337 sending message 105 to peer 0x55d9ef3c4f50 (46 bytes)
1769573758.248341 sending message 105 to peer 0x55d9ef3c4f50 (121 bytes)
1769573758.248346 sending message 105 to peer 0x55d9ef3c4f50 (25 bytes)
1769573758.248350 sending message 105 to peer 0x55d9ef3c4f50 (20 bytes)
1769573758.248354 sending message 105 to peer 0x55d9ef3c4f50 (39 bytes)
1769573758.248359 sending message 105 to peer 0x55d9ef3c4f50 (23 bytes)
1769573758.248363 sending message 105 to peer 0x55d9ef3c4f50 (16 bytes)
1769573758.248367 sending message 105 to peer 0x55d9ef3c4f50 (17 bytes)
1769573758.248372 sending message 105 to peer 0x55d9ef3c4f50 (142 bytes)
1769573758.248376 sending message 105 to peer 0x55d9ef3c4f50 (23 bytes)
1769573758.248380 sending message 105 to peer 0x55d9ef3c4f50 (14 bytes)
1769573758.248385 sending message 105 to peer 0x55d9ef3c4f50 (36 bytes)
1769573758.248389 sending message 105 to peer 0x55d9ef3c4f50 (11 bytes)
1769573758.248393 sending message 105 to peer 0x55d9ef3c4f50 (58 bytes)
1769573758.248398 sending message 105 to peer 0x55d9ef3c4f50 (22 bytes)
1769573758.248402 sending message 105 to peer 0x55d9ef3c4f50 (79 bytes)
1769573758.248406 sending message 105 to peer 0x55d9ef3c4f50 (28 bytes)
1769573758.248410 sending message 105 to peer 0x55d9ef3c4f50 (26 bytes)
1769573758.248415 sending message 105 to peer 0x55d9ef3c4f50 (51 bytes)
1769573758.248419 sending message 105 to peer 0x55d9ef3c4f50 (22 bytes)
1769573758.248423 sending message 105 to peer 0x55d9ef3c4f50 (8 bytes)
1769573758.248428 sending message 105 to peer 0x55d9ef3c4f50 (20 bytes)
1769573758.248432 sending message 105 to peer 0x55d9ef3c4f50 (41 bytes)
1769573758.248437 sending message 106 to peer 0x55d9ef3c4f50 (0 bytes)
1769573758.248477 sending message 200 to peer 0x55d9ef3c4f50 (4 bytes)
1769573758.248482 client loop enter
1769573758.248710 peer 0x55d9ef3c4f50 message 303
1769573758.248717 open write file 2 -
1769573758.248728 sending message 305 to peer 0x55d9ef3c4f50 (8 bytes)
1769573758.248739 write check file 2
1769573758.248799 peer 0x55d9ef3c4f50 message 304
1769573758.248804 write 58 to file 2
1769573758.248810 peer 0x55d9ef3c4f50 message 203
1769573758.248819 file 2 58 bytes left
1769573758.248832 write check file 2
1769573758.248836 client loop exit
